{"name": "test_privacy_policy", "status": "broken", "statusDetails": {"message": "selenium.common.exceptions.NoSuchElementException: Message: no such element: Unable to locate element: {\"method\":\"xpath\",\"selector\":\"//div[contains(text(), 'Privacy Policy')]\"}\n  (Session info: chrome=133.0.6943.142); For documentation on this error, please visit: https://www.selenium.dev/documentation/webdriver/troubleshooting/errors#no-such-element-exception\nStacktrace:\n0   chromedriver                        0x0000000104c982d4 cxxbridge1$str$ptr + 2739836\n1   chromedriver                        0x0000000104c90934 cxxbridge1$str$ptr + 2708700\n2   chromedriver                        0x00000001047f1f90 cxxbridge1$string$len + 93360\n3   chromedriver                        0x0000000104838de4 cxxbridge1$string$len + 383748\n4   chromedriver                        0x0000000104879e80 cxxbridge1$string$len + 650144\n5   chromedriver                        0x000000010482d060 cxxbridge1$string$len + 335232\n6   chromedriver                        0x0000000104c60c38 cxxbridge1$str$ptr + 2512864\n7   chromedriver                        0x0000000104c63f58 cxxbridge1$str$ptr + 2525952\n8   chromedriver                        0x0000000104c46578 cxxbridge1$str$ptr + 2404640\n9   chromedriver                        0x0000000104c64818 cxxbridge1$str$ptr + 2528192\n10  chromedriver                        0x0000000104c36f2c cxxbridge1$str$ptr + 2341588\n11  chromedriver                        0x0000000104c80a60 cxxbridge1$str$ptr + 2643464\n12  chromedriver                        0x0000000104c80be8 cxxbridge1$str$ptr + 2643856\n13  chromedriver                        0x0000000104c905a8 cxxbridge1$str$ptr + 2707792\n14  libsystem_pthread.dylib             0x00000001940282e4 _pthread_start + 136\n15  libsystem_pthread.dylib             0x00000001940230fc thread_start + 8", "trace": "browser = <selenium.webdriver.chrome.webdriver.WebDriver (session=\"252b69f426b27f8a9dc9c6bad7b08f79\")>\n\n    @allure.feature(\"Проверка корректного функционирования настроек\")\n    @allure.story(\"Проверка приватной политики\")\n    def test_privacy_policy(browser):\n        page = page_build(browser)\n        page.fill_email_and_password_fields(valid_email, valid_password)\n        page.click_privacy_policy_button()\n        windows = browser.window_handles\n        browser.switch_to.window(windows[-1])\n        page.check_is_privacy_policy_present()\n        browser.execute_script(\"window.scrollTo(0, document.body.scrollHeight);\")\n        time.sleep(2)\n        page.click_pointer_to_the_top()\n        time.sleep(2)\n>       page.check_is_privacy_policy_text_displayed()\n\ntests/test_settings/test_settings.py:71: \n_ _ _ _ _ _ _ _ _ _ _ _ _ _ _ _ _ _ _ _ _ _ _ _ _ _ _ _ _ _ _ _ _ _ _ _ _ _ _ _ _ _ _ _ _ _ _ _ _ _ _ _ _ _ _ _ _ _ _ _ _ _ _ _ _ _ _ _ _ _ _ _ _ _ _ _ _ _ _ _ _ _ _ _\npages/settings_page.py:62: in check_is_privacy_policy_text_displayed\n    return self.browser.find_element(*SettingsLocators.PRIVACY_POLICY_TEXT).is_displayed()\nvenv/lib/python3.13/site-packages/selenium/webdriver/remote/webdriver.py:898: in find_element\n    return self.execute(Command.FIND_ELEMENT, {\"using\": by, \"value\": value})[\"value\"]\nvenv/lib/python3.13/site-packages/selenium/webdriver/remote/webdriver.py:429: in execute\n    self.error_handler.check_response(response)\n_ _ _ _ _ _ _ _ _ _ _ _ _ _ _ _ _ _ _ _ _ _ _ _ _ _ _ _ _ _ _ _ _ _ _ _ _ _ _ _ _ _ _ _ _ _ _ _ _ _ _ _ _ _ _ _ _ _ _ _ _ _ _ _ _ _ _ _ _ _ _ _ _ _ _ _ _ _ _ _ _ _ _ _\n\nself = <selenium.webdriver.remote.errorhandler.ErrorHandler object at 0x1074e5040>\nresponse = {'status': 404, 'value': '{\"value\":{\"error\":\"no such element\",\"message\":\"no such element: Unable to locate element: {\\...0001940282e4 _pthread_start + 136\\\\n15  libsystem_pthread.dylib             0x00000001940230fc thread_start + 8\\\\n\"}}'}\n\n    def check_response(self, response: Dict[str, Any]) -> None:\n        \"\"\"Checks that a JSON response from the WebDriver does not have an\n        error.\n    \n        :Args:\n         - response - The JSON response from the WebDriver server as a dictionary\n           object.\n    \n        :Raises: If the response contains an error message.\n        \"\"\"\n        status = response.get(\"status\", None)\n        if not status or status == ErrorCode.SUCCESS:\n            return\n        value = None\n        message = response.get(\"message\", \"\")\n        screen: str = response.get(\"screen\", \"\")\n        stacktrace = None\n        if isinstance(status, int):\n            value_json = response.get(\"value\", None)\n            if value_json and isinstance(value_json, str):\n                import json\n    \n                try:\n                    value = json.loads(value_json)\n                    if len(value) == 1:\n                        value = value[\"value\"]\n                    status = value.get(\"error\", None)\n                    if not status:\n                        status = value.get(\"status\", ErrorCode.UNKNOWN_ERROR)\n                        message = value.get(\"value\") or value.get(\"message\")\n                        if not isinstance(message, str):\n                            value = message\n                            message = message.get(\"message\")\n                    else:\n                        message = value.get(\"message\", None)\n                except ValueError:\n                    pass\n    \n        exception_class: Type[WebDriverException]\n        e = ErrorCode()\n        error_codes = [item for item in dir(e) if not item.startswith(\"__\")]\n        for error_code in error_codes:\n            error_info = getattr(ErrorCode, error_code)\n            if isinstance(error_info, list) and status in error_info:\n                exception_class = getattr(ExceptionMapping, error_code, WebDriverException)\n                break\n        else:\n            exception_class = WebDriverException\n    \n        if not value:\n            value = response[\"value\"]\n        if isinstance(value, str):\n            raise exception_class(value)\n        if message == \"\" and \"message\" in value:\n            message = value[\"message\"]\n    \n        screen = None  # type: ignore[assignment]\n        if \"screen\" in value:\n            screen = value[\"screen\"]\n    \n        stacktrace = None\n        st_value = value.get(\"stackTrace\") or value.get(\"stacktrace\")\n        if st_value:\n            if isinstance(st_value, str):\n                stacktrace = st_value.split(\"\\n\")\n            else:\n                stacktrace = []\n                try:\n                    for frame in st_value:\n                        line = frame.get(\"lineNumber\", \"\")\n                        file = frame.get(\"fileName\", \"<anonymous>\")\n                        if line:\n                            file = f\"{file}:{line}\"\n                        meth = frame.get(\"methodName\", \"<anonymous>\")\n                        if \"className\" in frame:\n                            meth = f\"{frame['className']}.{meth}\"\n                        msg = \"    at %s (%s)\"\n                        msg = msg % (meth, file)\n                        stacktrace.append(msg)\n                except TypeError:\n                    pass\n        if exception_class == UnexpectedAlertPresentException:\n            alert_text = None\n            if \"data\" in value:\n                alert_text = value[\"data\"].get(\"text\")\n            elif \"alert\" in value:\n                alert_text = value[\"alert\"].get(\"text\")\n            raise exception_class(message, screen, stacktrace, alert_text)  # type: ignore[call-arg]  # mypy is not smart enough here\n>       raise exception_class(message, screen, stacktrace)\nE       selenium.common.exceptions.NoSuchElementException: Message: no such element: Unable to locate element: {\"method\":\"xpath\",\"selector\":\"//div[contains(text(), 'Privacy Policy')]\"}\nE         (Session info: chrome=133.0.6943.142); For documentation on this error, please visit: https://www.selenium.dev/documentation/webdriver/troubleshooting/errors#no-such-element-exception\nE       Stacktrace:\nE       0   chromedriver                        0x0000000104c982d4 cxxbridge1$str$ptr + 2739836\nE       1   chromedriver                        0x0000000104c90934 cxxbridge1$str$ptr + 2708700\nE       2   chromedriver                        0x00000001047f1f90 cxxbridge1$string$len + 93360\nE       3   chromedriver                        0x0000000104838de4 cxxbridge1$string$len + 383748\nE       4   chromedriver                        0x0000000104879e80 cxxbridge1$string$len + 650144\nE       5   chromedriver                        0x000000010482d060 cxxbridge1$string$len + 335232\nE       6   chromedriver                        0x0000000104c60c38 cxxbridge1$str$ptr + 2512864\nE       7   chromedriver                        0x0000000104c63f58 cxxbridge1$str$ptr + 2525952\nE       8   chromedriver                        0x0000000104c46578 cxxbridge1$str$ptr + 2404640\nE       9   chromedriver                        0x0000000104c64818 cxxbridge1$str$ptr + 2528192\nE       10  chromedriver                        0x0000000104c36f2c cxxbridge1$str$ptr + 2341588\nE       11  chromedriver                        0x0000000104c80a60 cxxbridge1$str$ptr + 2643464\nE       12  chromedriver                        0x0000000104c80be8 cxxbridge1$str$ptr + 2643856\nE       13  chromedriver                        0x0000000104c905a8 cxxbridge1$str$ptr + 2707792\nE       14  libsystem_pthread.dylib             0x00000001940282e4 _pthread_start + 136\nE       15  libsystem_pthread.dylib             0x00000001940230fc thread_start + 8\n\nvenv/lib/python3.13/site-packages/selenium/webdriver/remote/errorhandler.py:232: NoSuchElementException"}, "steps": [{"name": "Заполнение email поля", "status": "passed", "start": 1741104381385, "stop": 1741104381540}, {"name": "Заполнение password поля", "status": "passed", "start": 1741104381540, "stop": 1741104381635}], "start": 1741104351193, "stop": 1741104397792, "uuid": "6abc60c5-c4d7-4728-bb9b-da38d6b1ad80", "historyId": "2e28a2fe343c4a39ea4d654a5e3f241a", "testCaseId": "2e28a2fe343c4a39ea4d654a5e3f241a", "fullName": "tests.test_settings.test_settings#test_privacy_policy", "labels": [{"name": "story", "value": "Проверка приватной политики"}, {"name": "feature", "value": "Проверка корректного функционирования настроек"}, {"name": "parentSuite", "value": "tests.test_settings"}, {"name": "suite", "value": "test_settings"}, {"name": "host", "value": "taqtiles-MacBook-Air.local"}, {"name": "thread", "value": "5524-MainThread"}, {"name": "framework", "value": "pytest"}, {"name": "language", "value": "cpython3"}, {"name": "package", "value": "tests.test_settings.test_settings"}]}