{"name": "test_select_i_learn_button[English]", "status": "broken", "statusDetails": {"message": "selenium.common.exceptions.NoSuchElementException: Message: no such element: Unable to locate element: {\"method\":\"xpath\",\"selector\":\"//select\"}\n  (Session info: chrome=133.0.6943.142); For documentation on this error, please visit: https://www.selenium.dev/documentation/webdriver/troubleshooting/errors#no-such-element-exception\nStacktrace:\n0   chromedriver                        0x00000001014782d4 cxxbridge1$str$ptr + 2739836\n1   chromedriver                        0x0000000101470934 cxxbridge1$str$ptr + 2708700\n2   chromedriver                        0x0000000100fd1f90 cxxbridge1$string$len + 93360\n3   chromedriver                        0x0000000101018de4 cxxbridge1$string$len + 383748\n4   chromedriver                        0x0000000101059e80 cxxbridge1$string$len + 650144\n5   chromedriver                        0x000000010100d060 cxxbridge1$string$len + 335232\n6   chromedriver                        0x0000000101440c38 cxxbridge1$str$ptr + 2512864\n7   chromedriver                        0x0000000101443f58 cxxbridge1$str$ptr + 2525952\n8   chromedriver                        0x0000000101426578 cxxbridge1$str$ptr + 2404640\n9   chromedriver                        0x0000000101444818 cxxbridge1$str$ptr + 2528192\n10  chromedriver                        0x0000000101416f2c cxxbridge1$str$ptr + 2341588\n11  chromedriver                        0x0000000101460a60 cxxbridge1$str$ptr + 2643464\n12  chromedriver                        0x0000000101460be8 cxxbridge1$str$ptr + 2643856\n13  chromedriver                        0x00000001014705a8 cxxbridge1$str$ptr + 2707792\n14  libsystem_pthread.dylib             0x00000001940282e4 _pthread_start + 136\n15  libsystem_pthread.dylib             0x00000001940230fc thread_start + 8", "trace": "browser = <selenium.webdriver.chrome.webdriver.WebDriver (session=\"77875e541c583b44608f18d406888d03\")>, input = 'English'\n\n    @allure.feature(\"Проверка корректного функционирования настроек\")\n    @allure.story(\"Проверка выбора языков изучения\")\n    @pytest.mark.parametrize(\"input\", [\n        \"Bulgarian\",\n        \"English\",\n        \"Russian\",\n    ])\n    def test_select_i_learn_button(browser, input):\n        page = page_build(browser)\n        page.fill_email_and_password_fields(valid_email, valid_password)\n>       page.select_language_of_i_learn_button(input)\n\ntests/test_settings/test_settings.py:85: \n_ _ _ _ _ _ _ _ _ _ _ _ _ _ _ _ _ _ _ _ _ _ _ _ _ _ _ _ _ _ _ _ _ _ _ _ _ _ _ _ _ _ _ _ _ _ _ _ _ _ _ _ _ _ _ _ _ _ _ _ _ _ _ _ _ _ _ _ _ _ _ _ _ _ _ _ _ _ _ _ _ _ _ _\npages/settings_page.py:28: in select_language_of_i_learn_button\n    select_element = self.browser.find_element(*SettingsLocators.I_LEARN_SELECT_BUTTON)\nvenv/lib/python3.13/site-packages/selenium/webdriver/remote/webdriver.py:898: in find_element\n    return self.execute(Command.FIND_ELEMENT, {\"using\": by, \"value\": value})[\"value\"]\nvenv/lib/python3.13/site-packages/selenium/webdriver/remote/webdriver.py:429: in execute\n    self.error_handler.check_response(response)\n_ _ _ _ _ _ _ _ _ _ _ _ _ _ _ _ _ _ _ _ _ _ _ _ _ _ _ _ _ _ _ _ _ _ _ _ _ _ _ _ _ _ _ _ _ _ _ _ _ _ _ _ _ _ _ _ _ _ _ _ _ _ _ _ _ _ _ _ _ _ _ _ _ _ _ _ _ _ _ _ _ _ _ _\n\nself = <selenium.webdriver.remote.errorhandler.ErrorHandler object at 0x1074f4c50>\nresponse = {'status': 404, 'value': '{\"value\":{\"error\":\"no such element\",\"message\":\"no such element: Unable to locate element: {\\...0001940282e4 _pthread_start + 136\\\\n15  libsystem_pthread.dylib             0x00000001940230fc thread_start + 8\\\\n\"}}'}\n\n    def check_response(self, response: Dict[str, Any]) -> None:\n        \"\"\"Checks that a JSON response from the WebDriver does not have an\n        error.\n    \n        :Args:\n         - response - The JSON response from the WebDriver server as a dictionary\n           object.\n    \n        :Raises: If the response contains an error message.\n        \"\"\"\n        status = response.get(\"status\", None)\n        if not status or status == ErrorCode.SUCCESS:\n            return\n        value = None\n        message = response.get(\"message\", \"\")\n        screen: str = response.get(\"screen\", \"\")\n        stacktrace = None\n        if isinstance(status, int):\n            value_json = response.get(\"value\", None)\n            if value_json and isinstance(value_json, str):\n                import json\n    \n                try:\n                    value = json.loads(value_json)\n                    if len(value) == 1:\n                        value = value[\"value\"]\n                    status = value.get(\"error\", None)\n                    if not status:\n                        status = value.get(\"status\", ErrorCode.UNKNOWN_ERROR)\n                        message = value.get(\"value\") or value.get(\"message\")\n                        if not isinstance(message, str):\n                            value = message\n                            message = message.get(\"message\")\n                    else:\n                        message = value.get(\"message\", None)\n                except ValueError:\n                    pass\n    \n        exception_class: Type[WebDriverException]\n        e = ErrorCode()\n        error_codes = [item for item in dir(e) if not item.startswith(\"__\")]\n        for error_code in error_codes:\n            error_info = getattr(ErrorCode, error_code)\n            if isinstance(error_info, list) and status in error_info:\n                exception_class = getattr(ExceptionMapping, error_code, WebDriverException)\n                break\n        else:\n            exception_class = WebDriverException\n    \n        if not value:\n            value = response[\"value\"]\n        if isinstance(value, str):\n            raise exception_class(value)\n        if message == \"\" and \"message\" in value:\n            message = value[\"message\"]\n    \n        screen = None  # type: ignore[assignment]\n        if \"screen\" in value:\n            screen = value[\"screen\"]\n    \n        stacktrace = None\n        st_value = value.get(\"stackTrace\") or value.get(\"stacktrace\")\n        if st_value:\n            if isinstance(st_value, str):\n                stacktrace = st_value.split(\"\\n\")\n            else:\n                stacktrace = []\n                try:\n                    for frame in st_value:\n                        line = frame.get(\"lineNumber\", \"\")\n                        file = frame.get(\"fileName\", \"<anonymous>\")\n                        if line:\n                            file = f\"{file}:{line}\"\n                        meth = frame.get(\"methodName\", \"<anonymous>\")\n                        if \"className\" in frame:\n                            meth = f\"{frame['className']}.{meth}\"\n                        msg = \"    at %s (%s)\"\n                        msg = msg % (meth, file)\n                        stacktrace.append(msg)\n                except TypeError:\n                    pass\n        if exception_class == UnexpectedAlertPresentException:\n            alert_text = None\n            if \"data\" in value:\n                alert_text = value[\"data\"].get(\"text\")\n            elif \"alert\" in value:\n                alert_text = value[\"alert\"].get(\"text\")\n            raise exception_class(message, screen, stacktrace, alert_text)  # type: ignore[call-arg]  # mypy is not smart enough here\n>       raise exception_class(message, screen, stacktrace)\nE       selenium.common.exceptions.NoSuchElementException: Message: no such element: Unable to locate element: {\"method\":\"xpath\",\"selector\":\"//select\"}\nE         (Session info: chrome=133.0.6943.142); For documentation on this error, please visit: https://www.selenium.dev/documentation/webdriver/troubleshooting/errors#no-such-element-exception\nE       Stacktrace:\nE       0   chromedriver                        0x00000001014782d4 cxxbridge1$str$ptr + 2739836\nE       1   chromedriver                        0x0000000101470934 cxxbridge1$str$ptr + 2708700\nE       2   chromedriver                        0x0000000100fd1f90 cxxbridge1$string$len + 93360\nE       3   chromedriver                        0x0000000101018de4 cxxbridge1$string$len + 383748\nE       4   chromedriver                        0x0000000101059e80 cxxbridge1$string$len + 650144\nE       5   chromedriver                        0x000000010100d060 cxxbridge1$string$len + 335232\nE       6   chromedriver                        0x0000000101440c38 cxxbridge1$str$ptr + 2512864\nE       7   chromedriver                        0x0000000101443f58 cxxbridge1$str$ptr + 2525952\nE       8   chromedriver                        0x0000000101426578 cxxbridge1$str$ptr + 2404640\nE       9   chromedriver                        0x0000000101444818 cxxbridge1$str$ptr + 2528192\nE       10  chromedriver                        0x0000000101416f2c cxxbridge1$str$ptr + 2341588\nE       11  chromedriver                        0x0000000101460a60 cxxbridge1$str$ptr + 2643464\nE       12  chromedriver                        0x0000000101460be8 cxxbridge1$str$ptr + 2643856\nE       13  chromedriver                        0x00000001014705a8 cxxbridge1$str$ptr + 2707792\nE       14  libsystem_pthread.dylib             0x00000001940282e4 _pthread_start + 136\nE       15  libsystem_pthread.dylib             0x00000001940230fc thread_start + 8\n\nvenv/lib/python3.13/site-packages/selenium/webdriver/remote/errorhandler.py:232: NoSuchElementException"}, "steps": [{"name": "Заполнение email поля", "status": "passed", "start": 1741104406281, "stop": 1741104406414}, {"name": "Заполнение password поля", "status": "passed", "start": 1741104406414, "stop": 1741104406490}], "parameters": [{"name": "input", "value": "'English'"}], "start": 1741104404523, "stop": 1741104409500, "uuid": "39b76f93-707f-4370-a800-019d71824d37", "historyId": "c93513afb276846f619bfac449f4bb0d", "testCaseId": "a513b933c095442c0ac56e38b9d0f769", "fullName": "tests.test_settings.test_settings#test_select_i_learn_button", "labels": [{"name": "story", "value": "Проверка выбора языков изучения"}, {"name": "feature", "value": "Проверка корректного функционирования настроек"}, {"name": "parentSuite", "value": "tests.test_settings"}, {"name": "suite", "value": "test_settings"}, {"name": "host", "value": "taqtiles-MacBook-Air.local"}, {"name": "thread", "value": "5524-MainThread"}, {"name": "framework", "value": "pytest"}, {"name": "language", "value": "cpython3"}, {"name": "package", "value": "tests.test_settings.test_settings"}]}